This is pdfTeX, Version 3.14159265-2.6-1.40.19 (TeX Live 2018) (preloaded format=pdflatex 2019.3.11)  15 JUL 2019 17:23
entering extended mode
 restricted \write18 enabled.
 file:line:error style messages enabled.
 %&-line parsing enabled.
**fazit.tex
(./fazit.tex
LaTeX2e <2018-04-01> patch level 2
Babel <3.18> and hyphenation patterns for 84 language(s) loaded.
./fazit.tex:1: Undefined control sequence.
l.1 \chapter
            {Fazit}
? 
./fazit.tex:1: Emergency stop.
l.1 \chapter
            {Fazit}
End of file on the terminal!

 
Here is how much of TeX's memory you used:
 5 strings out of 492649
 119 string characters out of 6129622
 56400 words of memory out of 5000000
 3988 multiletter control sequences out of 15000+600000
 3640 words of font info for 14 fonts, out of 8000000 for 9000
 1141 hyphenation exceptions out of 8191
 5i,0n,1p,27b,8s stack positions out of 5000i,500n,10000p,200000b,80000s
./fazit.tex:1:  ==> Fatal error occurred, no output PDF file produced!
